<?xml version="1.0" encoding="UTF-8"?>
<coverage generated="1558879803001" clover="3.2.0">
  <project timestamp="1558879803002" name="All files">
    <metrics statements="61" coveredstatements="46" conditionals="17" coveredconditionals="10" methods="20" coveredmethods="14" elements="98" coveredelements="70" complexity="0" loc="61" ncloc="61" packages="4" files="6" classes="6"/>
    <package name="ContactList">
      <metrics statements="26" coveredstatements="17" conditionals="3" coveredconditionals="1" methods="10" coveredmethods="6"/>
      <file name="api.js" path="C:\JavaScript Projects\React Native\CS50M\ContactList\api.js">
        <metrics statements="12" coveredstatements="4" conditionals="2" coveredconditionals="0" methods="3" coveredmethods="1"/>
        <line num="2" count="2" type="stmt"/>
        <line num="7" count="2" type="stmt"/>
        <line num="8" count="0" type="stmt"/>
        <line num="11" count="0" type="stmt"/>
        <line num="12" count="0" type="stmt"/>
        <line num="15" count="2" type="stmt"/>
        <line num="16" count="1" type="stmt"/>
        <line num="23" count="0" type="cond" truecount="0" falsecount="2"/>
        <line num="24" count="0" type="stmt"/>
        <line num="25" count="0" type="stmt"/>
        <line num="28" count="0" type="stmt"/>
        <line num="29" count="0" type="stmt"/>
      </file>
      <file name="contacts.js" path="C:\JavaScript Projects\React Native\CS50M\ContactList\contacts.js">
        <metrics statements="14" coveredstatements="13" conditionals="1" coveredconditionals="1" methods="7" coveredmethods="5"/>
        <line num="1" count="1" type="stmt"/>
        <line num="3" count="1" type="stmt"/>
        <line num="106" count="1" type="stmt"/>
        <line num="171" count="1" type="cond" truecount="1" falsecount="0"/>
        <line num="172" count="50" type="stmt"/>
        <line num="175" count="1" type="stmt"/>
        <line num="176" count="10" type="stmt"/>
        <line num="181" count="1" type="stmt"/>
        <line num="182" count="10" type="stmt"/>
        <line num="185" count="10" type="stmt"/>
        <line num="191" count="1" type="stmt"/>
        <line num="192" count="0" type="stmt"/>
        <line num="195" count="1" type="stmt"/>
        <line num="200" count="10" type="stmt"/>
      </file>
    </package>
    <package name="ContactList.components">
      <metrics statements="1" coveredstatements="1" conditionals="0" coveredconditionals="0" methods="2" coveredmethods="1"/>
      <file name="MyButton.js" path="C:\JavaScript Projects\React Native\CS50M\ContactList\components\MyButton.js">
        <metrics statements="1" coveredstatements="1" conditionals="0" coveredconditionals="0" methods="2" coveredmethods="1"/>
        <line num="4" count="2" type="stmt"/>
      </file>
    </package>
    <package name="ContactList.redux">
      <metrics statements="33" coveredstatements="27" conditionals="14" coveredconditionals="9" methods="7" coveredmethods="6"/>
      <file name="actions.js" path="C:\JavaScript Projects\React Native\CS50M\ContactList\redux\actions.js">
        <metrics statements="16" coveredstatements="16" conditionals="1" coveredconditionals="1" methods="5" coveredmethods="4"/>
        <line num="4" count="2" type="stmt"/>
        <line num="5" count="2" type="stmt"/>
        <line num="6" count="2" type="stmt"/>
        <line num="7" count="2" type="stmt"/>
        <line num="8" count="2" type="stmt"/>
        <line num="9" count="2" type="stmt"/>
        <line num="12" count="4" type="stmt"/>
        <line num="17" count="2" type="stmt"/>
        <line num="22" count="2" type="stmt"/>
        <line num="27" count="2" type="stmt"/>
        <line num="31" count="3" type="stmt"/>
        <line num="32" count="3" type="stmt"/>
        <line num="33" count="3" type="stmt"/>
        <line num="34" count="3" type="stmt"/>
        <line num="35" count="1" type="stmt"/>
        <line num="37" count="2" type="stmt"/>
      </file>
      <file name="reducer.js" path="C:\JavaScript Projects\React Native\CS50M\ContactList\redux\reducer.js">
        <metrics statements="17" coveredstatements="11" conditionals="13" coveredconditionals="8" methods="2" coveredmethods="2"/>
        <line num="12" count="1" type="cond" truecount="1" falsecount="0"/>
        <line num="13" count="4" type="cond" truecount="2" falsecount="0"/>
        <line num="14" count="1" type="stmt"/>
        <line num="16" count="3" type="cond" truecount="1" falsecount="1"/>
        <line num="17" count="0" type="stmt"/>
        <line num="18" count="0" type="cond" truecount="0" falsecount="2"/>
        <line num="21" count="0" type="stmt"/>
        <line num="22" count="0" type="stmt"/>
        <line num="24" count="3" type="stmt"/>
        <line num="27" count="1" type="cond" truecount="1" falsecount="0"/>
        <line num="28" count="4" type="cond" truecount="3" falsecount="2"/>
        <line num="30" count="1" type="stmt"/>
        <line num="35" count="1" type="stmt"/>
        <line num="40" count="0" type="stmt"/>
        <line num="45" count="0" type="stmt"/>
        <line num="50" count="2" type="stmt"/>
        <line num="55" count="1" type="stmt"/>
      </file>
    </package>
    <package name="ContactList.testing">
      <metrics statements="1" coveredstatements="1" conditionals="0" coveredconditionals="0" methods="1" coveredmethods="1"/>
      <file name="sum.js" path="C:\JavaScript Projects\React Native\CS50M\ContactList\testing\sum.js">
        <metrics statements="1" coveredstatements="1" conditionals="0" coveredconditionals="0" methods="1" coveredmethods="1"/>
        <line num="4" count="4" type="stmt"/>
      </file>
    </package>
  </project>
</coverage>
