{"C:\\JavaScript Projects\\React Native\\CS50M\\ContactList\\api.js": {"path":"C:\\JavaScript Projects\\React Native\\CS50M\\ContactList\\api.js","statementMap":{"0":{"start":{"line":2,"column":23},"end":{"line":5,"column":2}},"1":{"start":{"line":2,"column":35},"end":{"line":5,"column":1}},"2":{"start":{"line":7,"column":26},"end":{"line":13,"column":1}},"3":{"start":{"line":8,"column":18},"end":{"line":10,"column":2}},"4":{"start":{"line":11,"column":21},"end":{"line":11,"column":42}},"5":{"start":{"line":12,"column":1},"end":{"line":12,"column":36}},"6":{"start":{"line":15,"column":21},"end":{"line":30,"column":1}},"7":{"start":{"line":16,"column":18},"end":{"line":21,"column":3}},"8":{"start":{"line":23,"column":1},"end":{"line":26,"column":2}},"9":{"start":{"line":24,"column":20},"end":{"line":24,"column":41}},"10":{"start":{"line":25,"column":2},"end":{"line":25,"column":15}},"11":{"start":{"line":28,"column":20},"end":{"line":28,"column":41}},"12":{"start":{"line":29,"column":1},"end":{"line":29,"column":29}}},"fnMap":{"0":{"name":"(anonymous_0)","decl":{"start":{"line":2,"column":23},"end":{"line":2,"column":24}},"loc":{"start":{"line":2,"column":35},"end":{"line":5,"column":1}},"line":2},"1":{"name":"(anonymous_1)","decl":{"start":{"line":7,"column":26},"end":{"line":7,"column":27}},"loc":{"start":{"line":7,"column":38},"end":{"line":13,"column":1}},"line":7},"2":{"name":"(anonymous_2)","decl":{"start":{"line":15,"column":21},"end":{"line":15,"column":22}},"loc":{"start":{"line":15,"column":51},"end":{"line":30,"column":1}},"line":15}},"branchMap":{"0":{"loc":{"start":{"line":23,"column":1},"end":{"line":26,"column":2}},"type":"if","locations":[{"start":{"line":23,"column":1},"end":{"line":26,"column":2}},{"start":{"line":23,"column":1},"end":{"line":26,"column":2}}],"line":23}},"s":{"0":2,"1":0,"2":2,"3":0,"4":0,"5":0,"6":2,"7":1,"8":0,"9":0,"10":0,"11":0,"12":0},"f":{"0":0,"1":0,"2":1},"b":{"0":[0,0]},"_coverageSchema":"43e27e138ebf9cfc5966b082cf9a028302ed4184","hash":"77d520b105df1d511ce91d649fa687ff64fcfc37"}
,"C:\\JavaScript Projects\\React Native\\CS50M\\ContactList\\contacts.js": {"path":"C:\\JavaScript Projects\\React Native\\CS50M\\ContactList\\contacts.js","statementMap":{"0":{"start":{"line":1,"column":21},"end":{"line":1,"column":23}},"1":{"start":{"line":3,"column":19},"end":{"line":104,"column":1}},"2":{"start":{"line":106,"column":18},"end":{"line":168,"column":1}},"3":{"start":{"line":171,"column":13},"end":{"line":172,"column":50}},"4":{"start":{"line":172,"column":1},"end":{"line":172,"column":50}},"5":{"start":{"line":175,"column":21},"end":{"line":178,"column":3}},"6":{"start":{"line":176,"column":1},"end":{"line":178,"column":3}},"7":{"start":{"line":181,"column":28},"end":{"line":182,"column":58}},"8":{"start":{"line":182,"column":1},"end":{"line":182,"column":58}},"9":{"start":{"line":185,"column":22},"end":{"line":188,"column":2}},"10":{"start":{"line":185,"column":29},"end":{"line":188,"column":1}},"11":{"start":{"line":191,"column":28},"end":{"line":192,"column":30}},"12":{"start":{"line":192,"column":1},"end":{"line":192,"column":30}},"13":{"start":{"line":195,"column":24},"end":{"line":198,"column":2}},"14":{"start":{"line":195,"column":43},"end":{"line":198,"column":1}},"15":{"start":{"line":200,"column":16},"end":{"line":200,"column":47}},"16":{"start":{"line":200,"column":31},"end":{"line":200,"column":46}}},"fnMap":{"0":{"name":"(anonymous_0)","decl":{"start":{"line":171,"column":13},"end":{"line":171,"column":14}},"loc":{"start":{"line":172,"column":1},"end":{"line":172,"column":50}},"line":172},"1":{"name":"(anonymous_1)","decl":{"start":{"line":175,"column":21},"end":{"line":175,"column":22}},"loc":{"start":{"line":176,"column":1},"end":{"line":178,"column":3}},"line":176},"2":{"name":"(anonymous_2)","decl":{"start":{"line":181,"column":28},"end":{"line":181,"column":29}},"loc":{"start":{"line":182,"column":1},"end":{"line":182,"column":58}},"line":182},"3":{"name":"(anonymous_3)","decl":{"start":{"line":185,"column":22},"end":{"line":185,"column":23}},"loc":{"start":{"line":185,"column":29},"end":{"line":188,"column":1}},"line":185},"4":{"name":"(anonymous_4)","decl":{"start":{"line":191,"column":28},"end":{"line":191,"column":29}},"loc":{"start":{"line":192,"column":1},"end":{"line":192,"column":30}},"line":192},"5":{"name":"(anonymous_5)","decl":{"start":{"line":195,"column":24},"end":{"line":195,"column":25}},"loc":{"start":{"line":195,"column":43},"end":{"line":198,"column":1}},"line":195},"6":{"name":"(anonymous_6)","decl":{"start":{"line":200,"column":16},"end":{"line":200,"column":17}},"loc":{"start":{"line":200,"column":31},"end":{"line":200,"column":46}},"line":200}},"branchMap":{"0":{"loc":{"start":{"line":171,"column":19},"end":{"line":171,"column":26}},"type":"default-arg","locations":[{"start":{"line":171,"column":25},"end":{"line":171,"column":26}}],"line":171}},"s":{"0":1,"1":1,"2":1,"3":1,"4":50,"5":1,"6":10,"7":1,"8":10,"9":1,"10":10,"11":1,"12":0,"13":1,"14":0,"15":1,"16":10},"f":{"0":50,"1":10,"2":10,"3":10,"4":0,"5":0,"6":10},"b":{"0":[20]},"_coverageSchema":"43e27e138ebf9cfc5966b082cf9a028302ed4184","hash":"af69183230f85b634fe173b1eb4d113b81a12a5b"}
,"C:\\JavaScript Projects\\React Native\\CS50M\\ContactList\\components\\MyButton.js": {"path":"C:\\JavaScript Projects\\React Native\\CS50M\\ContactList\\components\\MyButton.js","statementMap":{"0":{"start":{"line":4,"column":21},"end":{"line":4,"column":63}}},"fnMap":{"0":{"name":"(anonymous_0)","decl":{"start":{"line":4,"column":15},"end":{"line":4,"column":16}},"loc":{"start":{"line":4,"column":21},"end":{"line":4,"column":63}},"line":4},"1":{"name":"(anonymous_1)","decl":{"start":{"line":4,"column":51},"end":{"line":4,"column":52}},"loc":{"start":{"line":4,"column":57},"end":{"line":4,"column":59}},"line":4}},"branchMap":{},"s":{"0":2},"f":{"0":2,"1":0},"b":{},"_coverageSchema":"43e27e138ebf9cfc5966b082cf9a028302ed4184","hash":"dcf6ef124b940fe75e405ef53015028ac05438cd"}
,"C:\\JavaScript Projects\\React Native\\CS50M\\ContactList\\redux\\actions.js": {"path":"C:\\JavaScript Projects\\React Native\\CS50M\\ContactList\\redux\\actions.js","statementMap":{"0":{"start":{"line":4,"column":27},"end":{"line":4,"column":40}},"1":{"start":{"line":5,"column":30},"end":{"line":5,"column":46}},"2":{"start":{"line":6,"column":27},"end":{"line":6,"column":40}},"3":{"start":{"line":7,"column":32},"end":{"line":7,"column":50}},"4":{"start":{"line":8,"column":31},"end":{"line":8,"column":48}},"5":{"start":{"line":9,"column":36},"end":{"line":9,"column":58}},"6":{"start":{"line":12,"column":26},"end":{"line":15,"column":2}},"7":{"start":{"line":12,"column":37},"end":{"line":15,"column":1}},"8":{"start":{"line":17,"column":26},"end":{"line":20,"column":2}},"9":{"start":{"line":17,"column":41},"end":{"line":20,"column":1}},"10":{"start":{"line":22,"column":34},"end":{"line":24,"column":2}},"11":{"start":{"line":22,"column":41},"end":{"line":24,"column":1}},"12":{"start":{"line":27,"column":25},"end":{"line":39,"column":1}},"13":{"start":{"line":31,"column":5},"end":{"line":39,"column":1}},"14":{"start":{"line":32,"column":1},"end":{"line":32,"column":33}},"15":{"start":{"line":33,"column":1},"end":{"line":38,"column":2}},"16":{"start":{"line":34,"column":16},"end":{"line":34,"column":49}},"17":{"start":{"line":35,"column":2},"end":{"line":35,"column":55}},"18":{"start":{"line":37,"column":2},"end":{"line":37,"column":60}}},"fnMap":{"0":{"name":"(anonymous_0)","decl":{"start":{"line":12,"column":26},"end":{"line":12,"column":27}},"loc":{"start":{"line":12,"column":37},"end":{"line":15,"column":1}},"line":12},"1":{"name":"(anonymous_1)","decl":{"start":{"line":17,"column":26},"end":{"line":17,"column":27}},"loc":{"start":{"line":17,"column":41},"end":{"line":20,"column":1}},"line":17},"2":{"name":"(anonymous_2)","decl":{"start":{"line":22,"column":34},"end":{"line":22,"column":35}},"loc":{"start":{"line":22,"column":41},"end":{"line":24,"column":1}},"line":22},"3":{"name":"(anonymous_3)","decl":{"start":{"line":27,"column":25},"end":{"line":27,"column":26}},"loc":{"start":{"line":31,"column":5},"end":{"line":39,"column":1}},"line":31},"4":{"name":"(anonymous_4)","decl":{"start":{"line":31,"column":5},"end":{"line":31,"column":6}},"loc":{"start":{"line":31,"column":23},"end":{"line":39,"column":1}},"line":31}},"branchMap":{"0":{"loc":{"start":{"line":30,"column":1},"end":{"line":30,"column":16}},"type":"default-arg","locations":[{"start":{"line":30,"column":11},"end":{"line":30,"column":16}}],"line":30}},"s":{"0":2,"1":2,"2":2,"3":2,"4":2,"5":2,"6":2,"7":4,"8":2,"9":1,"10":2,"11":0,"12":2,"13":3,"14":3,"15":3,"16":3,"17":1,"18":2},"f":{"0":4,"1":1,"2":0,"3":3,"4":3},"b":{"0":[1]},"_coverageSchema":"43e27e138ebf9cfc5966b082cf9a028302ed4184","hash":"ad6dc356da2b9625ef9442bea2742429b88fbe21"}
,"C:\\JavaScript Projects\\React Native\\CS50M\\ContactList\\redux\\reducer.js": {"path":"C:\\JavaScript Projects\\React Native\\CS50M\\ContactList\\redux\\reducer.js","statementMap":{"0":{"start":{"line":12,"column":23},"end":{"line":25,"column":1}},"1":{"start":{"line":13,"column":1},"end":{"line":15,"column":2}},"2":{"start":{"line":14,"column":2},"end":{"line":14,"column":36}},"3":{"start":{"line":16,"column":1},"end":{"line":23,"column":2}},"4":{"start":{"line":17,"column":34},"end":{"line":17,"column":39}},"5":{"start":{"line":18,"column":2},"end":{"line":18,"column":34}},"6":{"start":{"line":18,"column":21},"end":{"line":18,"column":34}},"7":{"start":{"line":21,"column":21},"end":{"line":21,"column":64}},"8":{"start":{"line":22,"column":2},"end":{"line":22,"column":31}},"9":{"start":{"line":24,"column":1},"end":{"line":24,"column":14}},"10":{"start":{"line":27,"column":20},"end":{"line":52,"column":1}},"11":{"start":{"line":28,"column":1},"end":{"line":51,"column":2}},"12":{"start":{"line":30,"column":3},"end":{"line":33,"column":5}},"13":{"start":{"line":35,"column":3},"end":{"line":38,"column":5}},"14":{"start":{"line":40,"column":3},"end":{"line":43,"column":5}},"15":{"start":{"line":45,"column":3},"end":{"line":48,"column":5}},"16":{"start":{"line":50,"column":3},"end":{"line":50,"column":16}},"17":{"start":{"line":55,"column":16},"end":{"line":58,"column":2}}},"fnMap":{"0":{"name":"(anonymous_0)","decl":{"start":{"line":12,"column":23},"end":{"line":12,"column":24}},"loc":{"start":{"line":12,"column":53},"end":{"line":25,"column":1}},"line":12},"1":{"name":"(anonymous_1)","decl":{"start":{"line":27,"column":20},"end":{"line":27,"column":21}},"loc":{"start":{"line":27,"column":44},"end":{"line":52,"column":1}},"line":27}},"branchMap":{"0":{"loc":{"start":{"line":12,"column":24},"end":{"line":12,"column":40}},"type":"default-arg","locations":[{"start":{"line":12,"column":32},"end":{"line":12,"column":40}}],"line":12},"1":{"loc":{"start":{"line":13,"column":1},"end":{"line":15,"column":2}},"type":"if","locations":[{"start":{"line":13,"column":1},"end":{"line":15,"column":2}},{"start":{"line":13,"column":1},"end":{"line":15,"column":2}}],"line":13},"2":{"loc":{"start":{"line":16,"column":1},"end":{"line":23,"column":2}},"type":"if","locations":[{"start":{"line":16,"column":1},"end":{"line":23,"column":2}},{"start":{"line":16,"column":1},"end":{"line":23,"column":2}}],"line":16},"3":{"loc":{"start":{"line":18,"column":2},"end":{"line":18,"column":34}},"type":"if","locations":[{"start":{"line":18,"column":2},"end":{"line":18,"column":34}},{"start":{"line":18,"column":2},"end":{"line":18,"column":34}}],"line":18},"4":{"loc":{"start":{"line":27,"column":21},"end":{"line":27,"column":31}},"type":"default-arg","locations":[{"start":{"line":27,"column":29},"end":{"line":27,"column":31}}],"line":27},"5":{"loc":{"start":{"line":28,"column":1},"end":{"line":51,"column":2}},"type":"switch","locations":[{"start":{"line":29,"column":2},"end":{"line":33,"column":5}},{"start":{"line":34,"column":2},"end":{"line":38,"column":5}},{"start":{"line":39,"column":2},"end":{"line":43,"column":5}},{"start":{"line":44,"column":2},"end":{"line":48,"column":5}},{"start":{"line":49,"column":2},"end":{"line":50,"column":16}}],"line":28}},"s":{"0":1,"1":4,"2":1,"3":3,"4":0,"5":0,"6":0,"7":0,"8":0,"9":3,"10":1,"11":4,"12":1,"13":1,"14":0,"15":0,"16":2,"17":1},"f":{"0":4,"1":4},"b":{"0":[2],"1":[1,3],"2":[0,3],"3":[0,0],"4":[2],"5":[1,1,0,0,2]},"_coverageSchema":"43e27e138ebf9cfc5966b082cf9a028302ed4184","hash":"3fd94cb0a71192b93e02ef2923967eeaaad03b81"}
,"C:\\JavaScript Projects\\React Native\\CS50M\\ContactList\\testing\\sum.js": {"path":"C:\\JavaScript Projects\\React Native\\CS50M\\ContactList\\testing\\sum.js","statementMap":{"0":{"start":{"line":4,"column":1},"end":{"line":4,"column":14}}},"fnMap":{"0":{"name":"sum","decl":{"start":{"line":3,"column":9},"end":{"line":3,"column":12}},"loc":{"start":{"line":3,"column":19},"end":{"line":5,"column":1}},"line":3}},"branchMap":{},"s":{"0":4},"f":{"0":4},"b":{},"_coverageSchema":"43e27e138ebf9cfc5966b082cf9a028302ed4184","hash":"eee359024470d2fad2973a63d03898e9862c9a24"}
}
