TN:
SF:C:\JavaScript Projects\React Native\CS50M\ContactList\api.js
FN:2,(anonymous_0)
FN:7,(anonymous_1)
FN:15,(anonymous_2)
FNF:3
FNH:1
FNDA:0,(anonymous_0)
FNDA:0,(anonymous_1)
FNDA:1,(anonymous_2)
DA:2,2
DA:7,2
DA:8,0
DA:11,0
DA:12,0
DA:15,2
DA:16,1
DA:23,0
DA:24,0
DA:25,0
DA:28,0
DA:29,0
LF:12
LH:4
BRDA:23,0,0,0
BRDA:23,0,1,0
BRF:2
BRH:0
end_of_record
TN:
SF:C:\JavaScript Projects\React Native\CS50M\ContactList\contacts.js
FN:171,(anonymous_0)
FN:175,(anonymous_1)
FN:181,(anonymous_2)
FN:185,(anonymous_3)
FN:191,(anonymous_4)
FN:195,(anonymous_5)
FN:200,(anonymous_6)
FNF:7
FNH:5
FNDA:50,(anonymous_0)
FNDA:10,(anonymous_1)
FNDA:10,(anonymous_2)
FNDA:10,(anonymous_3)
FNDA:0,(anonymous_4)
FNDA:0,(anonymous_5)
FNDA:10,(anonymous_6)
DA:1,1
DA:3,1
DA:106,1
DA:171,1
DA:172,50
DA:175,1
DA:176,10
DA:181,1
DA:182,10
DA:185,10
DA:191,1
DA:192,0
DA:195,1
DA:200,10
LF:14
LH:13
BRDA:171,0,0,20
BRF:1
BRH:1
end_of_record
TN:
SF:C:\JavaScript Projects\React Native\CS50M\ContactList\components\MyButton.js
FN:4,(anonymous_0)
FN:4,(anonymous_1)
FNF:2
FNH:1
FNDA:2,(anonymous_0)
FNDA:0,(anonymous_1)
DA:4,2
LF:1
LH:1
BRF:0
BRH:0
end_of_record
TN:
SF:C:\JavaScript Projects\React Native\CS50M\ContactList\redux\actions.js
FN:12,(anonymous_0)
FN:17,(anonymous_1)
FN:22,(anonymous_2)
FN:27,(anonymous_3)
FN:31,(anonymous_4)
FNF:5
FNH:4
FNDA:4,(anonymous_0)
FNDA:1,(anonymous_1)
FNDA:0,(anonymous_2)
FNDA:3,(anonymous_3)
FNDA:3,(anonymous_4)
DA:4,2
DA:5,2
DA:6,2
DA:7,2
DA:8,2
DA:9,2
DA:12,4
DA:17,2
DA:22,2
DA:27,2
DA:31,3
DA:32,3
DA:33,3
DA:34,3
DA:35,1
DA:37,2
LF:16
LH:16
BRDA:30,0,0,1
BRF:1
BRH:1
end_of_record
TN:
SF:C:\JavaScript Projects\React Native\CS50M\ContactList\redux\reducer.js
FN:12,(anonymous_0)
FN:27,(anonymous_1)
FNF:2
FNH:2
FNDA:4,(anonymous_0)
FNDA:4,(anonymous_1)
DA:12,1
DA:13,4
DA:14,1
DA:16,3
DA:17,0
DA:18,0
DA:21,0
DA:22,0
DA:24,3
DA:27,1
DA:28,4
DA:30,1
DA:35,1
DA:40,0
DA:45,0
DA:50,2
DA:55,1
LF:17
LH:11
BRDA:12,0,0,2
BRDA:13,1,0,1
BRDA:13,1,1,3
BRDA:16,2,0,0
BRDA:16,2,1,3
BRDA:18,3,0,0
BRDA:18,3,1,0
BRDA:27,4,0,2
BRDA:28,5,0,1
BRDA:28,5,1,1
BRDA:28,5,2,0
BRDA:28,5,3,0
BRDA:28,5,4,2
BRF:13
BRH:8
end_of_record
TN:
SF:C:\JavaScript Projects\React Native\CS50M\ContactList\testing\sum.js
FN:3,sum
FNF:1
FNH:1
FNDA:4,sum
DA:4,4
LF:1
LH:1
BRF:0
BRH:0
end_of_record
